<?xml version="1.0" encoding="UTF-8"?>
<testsuite name="Smoke test"
           tests="3"
           failures="0"
           errors="0"
           skipped="0"
           time="30.588">
  <properties />
  
  
            <testcase name="VerifyThatUserShouldBuildYouOwnComputerAndAddThemToCartSuccessfully" time="2.457" classname="com.nopcommerce.demo.testsuite.ComputerPageTest" />
                <testcase name="VerifyThatUserShouldBuildYouOwnComputerAndAddThemToCartSuccessfully" time="24.189" classname="com.nopcommerce.demo.testsuite.ComputerPageTest" />
                <testcase name="VerifyThatUserShouldBuildYouOwnComputerAndAddThemToCartSuccessfully" time="3.942" classname="com.nopcommerce.demo.testsuite.ComputerPageTest" />
      
</testsuite>
